# JRE version: Java(TM) SE Runtime Environment (8.0_25-b17) (build 1.8.0_25-b17)
# Java VM: Java HotSpot(TM) 64-Bit Server VM (25.25-b02 mixed mode linux-amd64 compressed oops)
Heap:
 PSYoungGen      total 639488K, used 139665K [0x00000000d5580000, 0x00000000ff400000, 0x0000000100000000)
  eden space 596480K, 23% used [0x00000000d5580000,0x00000000ddde4490,0x00000000f9c00000)
  from space 43008K, 0% used [0x00000000fca00000,0x00000000fca00000,0x00000000ff400000)
  to   space 45056K, 0% used [0x00000000f9c00000,0x00000000f9c00000,0x00000000fc800000)
 ParOldGen       total 405504K, used 164835K [0x0000000080000000, 0x0000000098c00000, 0x00000000d5580000)
  object space 405504K, 40% used [0x0000000080000000,0x000000008a0f8fe8,0x0000000098c00000)
 Metaspace       used 132739K, capacity 139246K, committed 139648K, reserved 1171456K
  class space    used 15335K, capacity 17388K, committed 17536K, reserved 1048576K
GC Heap History (10 events):
Event: 4115.638 GC heap before
{Heap before GC invocations=111 (full 47):
 PSYoungGen      total 638976K, used 2682K [0x00000000d5580000, 0x00000000ff200000, 0x0000000100000000)
  eden space 596480K, 0% used [0x00000000d5580000,0x00000000d5580000,0x00000000f9c00000)
  from space 42496K, 6% used [0x00000000fc880000,0x00000000fcb1eba8,0x00000000ff200000)
  to   space 44032K, 0% used [0x00000000f9c00000,0x00000000f9c00000,0x00000000fc700000)
 ParOldGen       total 405504K, used 157242K [0x0000000080000000, 0x0000000098c00000, 0x00000000d5580000)
  object space 405504K, 38% used [0x0000000080000000,0x000000008998e888,0x0000000098c00000)
 Metaspace       used 131262K, capacity 137902K, committed 138496K, reserved 1171456K
  class space    used 15182K, capacity 17260K, committed 17408K, reserved 1048576K
Event: 4116.348 GC heap after
Heap after GC invocations=111 (full 47):
 PSYoungGen      total 638976K, used 0K [0x00000000d5580000, 0x00000000ff200000, 0x0000000100000000)
  eden space 596480K, 0% used [0x00000000d5580000,0x00000000d5580000,0x00000000f9c00000)
  from space 42496K, 0% used [0x00000000fc880000,0x00000000fc880000,0x00000000ff200000)
  to   space 44032K, 0% used [0x00000000f9c00000,0x00000000f9c00000,0x00000000fc700000)
 ParOldGen       total 405504K, used 154692K [0x0000000080000000, 0x0000000098c00000, 0x00000000d5580000)
  object space 405504K, 38% used [0x0000000080000000,0x0000000089711340,0x0000000098c00000)
 Metaspace       used 131262K, capacity 137902K, committed 138496K, reserved 1171456K
  class space    used 15182K, capacity 17260K, committed 17408K, reserved 1048576K
}
Event: 4192.162 GC heap before
{Heap before GC invocations=112 (full 47):
 PSYoungGen      total 638976K, used 461986K [0x00000000d5580000, 0x00000000ff200000, 0x0000000100000000)
  eden space 596480K, 77% used [0x00000000d5580000,0x00000000f18a8a18,0x00000000f9c00000)
  from space 42496K, 0% used [0x00000000fc880000,0x00000000fc880000,0x00000000ff200000)
  to   space 44032K, 0% used [0x00000000f9c00000,0x00000000f9c00000,0x00000000fc700000)
 ParOldGen       total 405504K, used 154692K [0x0000000080000000, 0x0000000098c00000, 0x00000000d5580000)
  object space 405504K, 38% used [0x0000000080000000,0x0000000089711340,0x0000000098c00000)
 Metaspace       used 132639K, capacity 139054K, committed 139648K, reserved 1171456K
  class space    used 15334K, capacity 17388K, committed 17536K, reserved 1048576K
Event: 4192.227 GC heap after
Heap after GC invocations=112 (full 47):
 PSYoungGen      total 640512K, used 29685K [0x00000000d5580000, 0x00000000ff800000, 0x0000000100000000)
  eden space 596480K, 0% used [0x00000000d5580000,0x00000000d5580000,0x00000000f9c00000)
  from space 44032K, 67% used [0x00000000f9c00000,0x00000000fb8fd6c8,0x00000000fc700000)
  to   space 47104K, 0% used [0x00000000fca00000,0x00000000fca00000,0x00000000ff800000)
 ParOldGen       total 405504K, used 154700K [0x0000000080000000, 0x0000000098c00000, 0x00000000d5580000)
  object space 405504K, 38% used [0x0000000080000000,0x0000000089713340,0x0000000098c00000)
 Metaspace       used 132639K, capacity 139054K, committed 139648K, reserved 1171456K
  class space    used 15334K, capacity 17388K, committed 17536K, reserved 1048576K
}
Event: 4192.227 GC heap before
{Heap before GC invocations=113 (full 48):
 PSYoungGen      total 640512K, used 29685K [0x00000000d5580000, 0x00000000ff800000, 0x0000000100000000)
  eden space 596480K, 0% used [0x00000000d5580000,0x00000000d5580000,0x00000000f9c00000)
  from space 44032K, 67% used [0x00000000f9c00000,0x00000000fb8fd6c8,0x00000000fc700000)
  to   space 47104K, 0% used [0x00000000fca00000,0x00000000fca00000,0x00000000ff800000)
 ParOldGen       total 405504K, used 154700K [0x0000000080000000, 0x0000000098c00000, 0x00000000d5580000)
  object space 405504K, 38% used [0x0000000080000000,0x0000000089713340,0x0000000098c00000)
 Metaspace       used 132639K, capacity 139054K, committed 139648K, reserved 1171456K
  class space    used 15334K, capacity 17388K, committed 17536K, reserved 1048576K
Event: 4193.166 GC heap after
Heap after GC invocations=113 (full 48):
 PSYoungGen      total 640512K, used 0K [0x00000000d5580000, 0x00000000ff800000, 0x0000000100000000)
  eden space 596480K, 0% used [0x00000000d5580000,0x00000000d5580000,0x00000000f9c00000)
  from space 44032K, 0% used [0x00000000f9c00000,0x00000000f9c00000,0x00000000fc700000)
  to   space 47104K, 0% used [0x00000000fca00000,0x00000000fca00000,0x00000000ff800000)
 ParOldGen       total 405504K, used 170321K [0x0000000080000000, 0x0000000098c00000, 0x00000000d5580000)
  object space 405504K, 42% used [0x0000000080000000,0x000000008a6546e0,0x0000000098c00000)
 Metaspace       used 132639K, capacity 139054K, committed 139648K, reserved 1171456K
  class space    used 15334K, capacity 17388K, committed 17536K, reserved 1048576K
}
Event: 4252.763 GC heap before
{Heap before GC invocations=114 (full 48):
 PSYoungGen      total 640512K, used 182730K [0x00000000d5580000, 0x00000000ff800000, 0x0000000100000000)
  eden space 596480K, 30% used [0x00000000d5580000,0x00000000e07f2bd8,0x00000000f9c00000)
  from space 44032K, 0% used [0x00000000f9c00000,0x00000000f9c00000,0x00000000fc700000)
  to   space 47104K, 0% used [0x00000000fca00000,0x00000000fca00000,0x00000000ff800000)
 ParOldGen       total 405504K, used 170321K [0x0000000080000000, 0x0000000098c00000, 0x00000000d5580000)
  object space 405504K, 42% used [0x0000000080000000,0x000000008a6546e0,0x0000000098c00000)
 Metaspace       used 132712K, capacity 139118K, committed 139648K, reserved 1171456K
  class space    used 15335K, capacity 17388K, committed 17536K, reserved 1048576K
Event: 4252.783 GC heap after
Heap after GC invocations=114 (full 48):
 PSYoungGen      total 639488K, used 9460K [0x00000000d5580000, 0x00000000ff400000, 0x0000000100000000)
  eden space 596480K, 0% used [0x00000000d5580000,0x00000000d5580000,0x00000000f9c00000)
  from space 43008K, 21% used [0x00000000fca00000,0x00000000fd33d3b0,0x00000000ff400000)
  to   space 45056K, 0% used [0x00000000f9c00000,0x00000000f9c00000,0x00000000fc800000)
 ParOldGen       total 405504K, used 170329K [0x0000000080000000, 0x0000000098c00000, 0x00000000d5580000)
  object space 405504K, 42% used [0x0000000080000000,0x000000008a6566e0,0x0000000098c00000)
 Metaspace       used 132712K, capacity 139118K, committed 139648K, reserved 1171456K
  class space    used 15335K, capacity 17388K, committed 17536K, reserved 1048576K
}
Event: 4252.783 GC heap before
{Heap before GC invocations=115 (full 49):
 PSYoungGen      total 639488K, used 9460K [0x00000000d5580000, 0x00000000ff400000, 0x0000000100000000)
  eden space 596480K, 0% used [0x00000000d5580000,0x00000000d5580000,0x00000000f9c00000)
  from space 43008K, 21% used [0x00000000fca00000,0x00000000fd33d3b0,0x00000000ff400000)
  to   space 45056K, 0% used [0x00000000f9c00000,0x00000000f9c00000,0x00000000fc800000)
 ParOldGen       total 405504K, used 170329K [0x0000000080000000, 0x0000000098c00000, 0x00000000d5580000)
  object space 405504K, 42% used [0x0000000080000000,0x000000008a6566e0,0x0000000098c00000)
 Metaspace       used 132712K, capacity 139118K, committed 139648K, reserved 1171456K
  class space    used 15335K, capacity 17388K, committed 17536K, reserved 1048576K
Event: 4253.645 GC heap after
Heap after GC invocations=115 (full 49):
 PSYoungGen      total 639488K, used 0K [0x00000000d5580000, 0x00000000ff400000, 0x0000000100000000)
  eden space 596480K, 0% used [0x00000000d5580000,0x00000000d5580000,0x00000000f9c00000)
  from space 43008K, 0% used [0x00000000fca00000,0x00000000fca00000,0x00000000ff400000)
  to   space 45056K, 0% used [0x00000000f9c00000,0x00000000f9c00000,0x00000000fc800000)
 ParOldGen       total 405504K, used 164835K [0x0000000080000000, 0x0000000098c00000, 0x00000000d5580000)
  object space 405504K, 40% used [0x0000000080000000,0x000000008a0f8fe8,0x0000000098c00000)
 Metaspace       used 132712K, capacity 139118K, committed 139648K, reserved 1171456K
  class space    used 15335K, capacity 17388K, committed 17536K, reserved 1048576K
}

