# JRE version: Java(TM) SE Runtime Environment (8.0_25-b17) (build 1.8.0_25-b17)
# Java VM: Java HotSpot(TM) 64-Bit Server VM (25.25-b02 mixed mode linux-amd64 compressed oops)
Heap:
 PSYoungGen      total 144896K, used 2835K [0x00000000d6500000, 0x00000000e0100000, 0x0000000100000000)
  eden space 131072K, 2% used [0x00000000d6500000,0x00000000d67c4c28,0x00000000de500000)
  from space 13824K, 0% used [0x00000000df380000,0x00000000df380000,0x00000000e0100000)
  to   space 14336K, 0% used [0x00000000de500000,0x00000000de500000,0x00000000df300000)
 ParOldGen       total 67072K, used 16569K [0x0000000082e00000, 0x0000000086f80000, 0x00000000d6500000)
  object space 67072K, 24% used [0x0000000082e00000,0x0000000083e2e560,0x0000000086f80000)
 Metaspace       used 20844K, capacity 21168K, committed 21552K, reserved 1069056K
  class space    used 2458K, capacity 2596K, committed 2688K, reserved 1048576K
GC Heap History (10 events):
Event: 3.127 GC heap before
{Heap before GC invocations=3 (full 0):
 PSYoungGen      total 37888K, used 37856K [0x00000000d6500000, 0x00000000daf00000, 0x0000000100000000)
  eden space 32768K, 100% used [0x00000000d6500000,0x00000000d8500000,0x00000000d8500000)
  from space 5120K, 99% used [0x00000000d8a00000,0x00000000d8ef8028,0x00000000d8f00000)
  to   space 5120K, 0% used [0x00000000d8500000,0x00000000d8500000,0x00000000d8a00000)
 ParOldGen       total 86016K, used 2034K [0x0000000082e00000, 0x0000000088200000, 0x00000000d6500000)
  object space 86016K, 2% used [0x0000000082e00000,0x0000000082ffc970,0x0000000088200000)
 Metaspace       used 13817K, capacity 14020K, committed 14336K, reserved 1062912K
  class space    used 1674K, capacity 1770K, committed 1792K, reserved 1048576K
Event: 3.142 GC heap after
Heap after GC invocations=3 (full 0):
 PSYoungGen      total 37888K, used 5088K [0x00000000d6500000, 0x00000000daf00000, 0x0000000100000000)
  eden space 32768K, 0% used [0x00000000d6500000,0x00000000d6500000,0x00000000d8500000)
  from space 5120K, 99% used [0x00000000d8500000,0x00000000d89f8040,0x00000000d8a00000)
  to   space 5120K, 0% used [0x00000000daa00000,0x00000000daa00000,0x00000000daf00000)
 ParOldGen       total 86016K, used 3285K [0x0000000082e00000, 0x0000000088200000, 0x00000000d6500000)
  object space 86016K, 3% used [0x0000000082e00000,0x00000000831355b0,0x0000000088200000)
 Metaspace       used 13817K, capacity 14020K, committed 14336K, reserved 1062912K
  class space    used 1674K, capacity 1770K, committed 1792K, reserved 1048576K
}
Event: 4.333 GC heap before
{Heap before GC invocations=4 (full 0):
 PSYoungGen      total 37888K, used 37856K [0x00000000d6500000, 0x00000000daf00000, 0x0000000100000000)
  eden space 32768K, 100% used [0x00000000d6500000,0x00000000d8500000,0x00000000d8500000)
  from space 5120K, 99% used [0x00000000d8500000,0x00000000d89f8040,0x00000000d8a00000)
  to   space 5120K, 0% used [0x00000000daa00000,0x00000000daa00000,0x00000000daf00000)
 ParOldGen       total 86016K, used 3285K [0x0000000082e00000, 0x0000000088200000, 0x00000000d6500000)
  object space 86016K, 3% used [0x0000000082e00000,0x00000000831355b0,0x0000000088200000)
 Metaspace       used 14627K, capacity 14882K, committed 15232K, reserved 1062912K
  class space    used 1751K, capacity 1843K, committed 1920K, reserved 1048576K
Event: 4.365 GC heap after
Heap after GC invocations=4 (full 0):
 PSYoungGen      total 70656K, used 5088K [0x00000000d6500000, 0x00000000daf00000, 0x0000000100000000)
  eden space 65536K, 0% used [0x00000000d6500000,0x00000000d6500000,0x00000000da500000)
  from space 5120K, 99% used [0x00000000daa00000,0x00000000daef8020,0x00000000daf00000)
  to   space 5120K, 0% used [0x00000000da500000,0x00000000da500000,0x00000000daa00000)
 ParOldGen       total 86016K, used 5512K [0x0000000082e00000, 0x0000000088200000, 0x00000000d6500000)
  object space 86016K, 6% used [0x0000000082e00000,0x0000000083362008,0x0000000088200000)
 Metaspace       used 14627K, capacity 14882K, committed 15232K, reserved 1062912K
  class space    used 1751K, capacity 1843K, committed 1920K, reserved 1048576K
}
Event: 6.061 GC heap before
{Heap before GC invocations=5 (full 0):
 PSYoungGen      total 70656K, used 70624K [0x00000000d6500000, 0x00000000daf00000, 0x0000000100000000)
  eden space 65536K, 100% used [0x00000000d6500000,0x00000000da500000,0x00000000da500000)
  from space 5120K, 99% used [0x00000000daa00000,0x00000000daef8020,0x00000000daf00000)
  to   space 5120K, 0% used [0x00000000da500000,0x00000000da500000,0x00000000daa00000)
 ParOldGen       total 86016K, used 5512K [0x0000000082e00000, 0x0000000088200000, 0x00000000d6500000)
  object space 86016K, 6% used [0x0000000082e00000,0x0000000083362008,0x0000000088200000)
 Metaspace       used 20664K, capacity 21040K, committed 21296K, reserved 1069056K
  class space    used 2451K, capacity 2596K, committed 2688K, reserved 1048576K
Event: 6.109 GC heap after
Heap after GC invocations=5 (full 0):
 PSYoungGen      total 70656K, used 5088K [0x00000000d6500000, 0x00000000e0200000, 0x0000000100000000)
  eden space 65536K, 0% used [0x00000000d6500000,0x00000000d6500000,0x00000000da500000)
  from space 5120K, 99% used [0x00000000da500000,0x00000000da9f8040,0x00000000daa00000)
  to   space 14848K, 0% used [0x00000000df380000,0x00000000df380000,0x00000000e0200000)
 ParOldGen       total 86016K, used 16432K [0x0000000082e00000, 0x0000000088200000, 0x00000000d6500000)
  object space 86016K, 19% used [0x0000000082e00000,0x0000000083e0c358,0x0000000088200000)
 Metaspace       used 20664K, capacity 21040K, committed 21296K, reserved 1069056K
  class space    used 2451K, capacity 2596K, committed 2688K, reserved 1048576K
}
Event: 6.251 GC heap before
{Heap before GC invocations=6 (full 0):
 PSYoungGen      total 70656K, used 10407K [0x00000000d6500000, 0x00000000e0200000, 0x0000000100000000)
  eden space 65536K, 8% used [0x00000000d6500000,0x00000000d6a31bf8,0x00000000da500000)
  from space 5120K, 99% used [0x00000000da500000,0x00000000da9f8040,0x00000000daa00000)
  to   space 14848K, 0% used [0x00000000df380000,0x00000000df380000,0x00000000e0200000)
 ParOldGen       total 86016K, used 16432K [0x0000000082e00000, 0x0000000088200000, 0x00000000d6500000)
  object space 86016K, 19% used [0x0000000082e00000,0x0000000083e0c358,0x0000000088200000)
 Metaspace       used 20797K, capacity 21104K, committed 21296K, reserved 1069056K
  class space    used 2458K, capacity 2596K, committed 2688K, reserved 1048576K
Event: 6.277 GC heap after
Heap after GC invocations=6 (full 0):
 PSYoungGen      total 144896K, used 5280K [0x00000000d6500000, 0x00000000e0100000, 0x0000000100000000)
  eden space 131072K, 0% used [0x00000000d6500000,0x00000000d6500000,0x00000000de500000)
  from space 13824K, 38% used [0x00000000df380000,0x00000000df8a8040,0x00000000e0100000)
  to   space 14336K, 0% used [0x00000000de500000,0x00000000de500000,0x00000000df300000)
 ParOldGen       total 86016K, used 16440K [0x0000000082e00000, 0x0000000088200000, 0x00000000d6500000)
  object space 86016K, 19% used [0x0000000082e00000,0x0000000083e0e358,0x0000000088200000)
 Metaspace       used 20797K, capacity 21104K, committed 21296K, reserved 1069056K
  class space    used 2458K, capacity 2596K, committed 2688K, reserved 1048576K
}
Event: 6.277 GC heap before
{Heap before GC invocations=7 (full 1):
 PSYoungGen      total 144896K, used 5280K [0x00000000d6500000, 0x00000000e0100000, 0x0000000100000000)
  eden space 131072K, 0% used [0x00000000d6500000,0x00000000d6500000,0x00000000de500000)
  from space 13824K, 38% used [0x00000000df380000,0x00000000df8a8040,0x00000000e0100000)
  to   space 14336K, 0% used [0x00000000de500000,0x00000000de500000,0x00000000df300000)
 ParOldGen       total 86016K, used 16440K [0x0000000082e00000, 0x0000000088200000, 0x00000000d6500000)
  object space 86016K, 19% used [0x0000000082e00000,0x0000000083e0e358,0x0000000088200000)
 Metaspace       used 20797K, capacity 21104K, committed 21296K, reserved 1069056K
  class space    used 2458K, capacity 2596K, committed 2688K, reserved 1048576K
Event: 6.386 GC heap after
Heap after GC invocations=7 (full 1):
 PSYoungGen      total 144896K, used 0K [0x00000000d6500000, 0x00000000e0100000, 0x0000000100000000)
  eden space 131072K, 0% used [0x00000000d6500000,0x00000000d6500000,0x00000000de500000)
  from space 13824K, 0% used [0x00000000df380000,0x00000000df380000,0x00000000e0100000)
  to   space 14336K, 0% used [0x00000000de500000,0x00000000de500000,0x00000000df300000)
 ParOldGen       total 67072K, used 16569K [0x0000000082e00000, 0x0000000086f80000, 0x00000000d6500000)
  object space 67072K, 24% used [0x0000000082e00000,0x0000000083e2e560,0x0000000086f80000)
 Metaspace       used 20797K, capacity 21104K, committed 21296K, reserved 1069056K
  class space    used 2458K, capacity 2596K, committed 2688K, reserved 1048576K
}

