# JRE version: Java(TM) SE Runtime Environment (8.0_25-b17) (build 1.8.0_25-b17)
# Java VM: Java HotSpot(TM) 64-Bit Server VM (25.25-b02 mixed mode linux-amd64 compressed oops)
Heap:
 PSYoungGen      total 597504K, used 69206K [0x00000000d5580000, 0x00000000ffe80000, 0x0000000100000000)
  eden space 518144K, 13% used [0x00000000d5580000,0x00000000d99158e0,0x00000000f4f80000)
  from space 79360K, 0% used [0x00000000f4f80000,0x00000000f4f80000,0x00000000f9d00000)
  to   space 75776K, 0% used [0x00000000fb480000,0x00000000fb480000,0x00000000ffe80000)
 ParOldGen       total 427008K, used 215200K [0x0000000080000000, 0x000000009a100000, 0x00000000d5580000)
  object space 427008K, 50% used [0x0000000080000000,0x000000008d228380,0x000000009a100000)
 Metaspace       used 99929K, capacity 105948K, committed 106304K, reserved 1140736K
  class space    used 12617K, capacity 14589K, committed 14696K, reserved 1048576K
GC Heap History (10 events):
Event: 24.766 GC heap before
{Heap before GC invocations=14 (full 3):
 PSYoungGen      total 463872K, used 450072K [0x00000000d5580000, 0x00000000f7b00000, 0x0000000100000000)
  eden space 420352K, 100% used [0x00000000d5580000,0x00000000ef000000,0x00000000ef000000)
  from space 43520K, 68% used [0x00000000f5080000,0x00000000f6d86148,0x00000000f7b00000)
  to   space 71168K, 0% used [0x00000000ef000000,0x00000000ef000000,0x00000000f3580000)
 ParOldGen       total 322048K, used 139074K [0x0000000080000000, 0x0000000093a80000, 0x00000000d5580000)
  object space 322048K, 43% used [0x0000000080000000,0x00000000887d0850,0x0000000093a80000)
 Metaspace       used 84119K, capacity 89196K, committed 89432K, reserved 1126400K
  class space    used 10899K, capacity 12651K, committed 12672K, reserved 1048576K
Event: 24.854 GC heap after
Heap after GC invocations=14 (full 3):
 PSYoungGen      total 491520K, used 51597K [0x00000000d5580000, 0x00000000fe500000, 0x0000000100000000)
  eden space 420352K, 0% used [0x00000000d5580000,0x00000000d5580000,0x00000000ef000000)
  from space 71168K, 72% used [0x00000000ef000000,0x00000000f22637e8,0x00000000f3580000)
  to   space 73728K, 0% used [0x00000000f9d00000,0x00000000f9d00000,0x00000000fe500000)
 ParOldGen       total 322048K, used 139082K [0x0000000080000000, 0x0000000093a80000, 0x00000000d5580000)
  object space 322048K, 43% used [0x0000000080000000,0x00000000887d2850,0x0000000093a80000)
 Metaspace       used 84119K, capacity 89196K, committed 89432K, reserved 1126400K
  class space    used 10899K, capacity 12651K, committed 12672K, reserved 1048576K
}
Event: 28.177 GC heap before
{Heap before GC invocations=15 (full 3):
 PSYoungGen      total 491520K, used 413209K [0x00000000d5580000, 0x00000000fe500000, 0x0000000100000000)
  eden space 420352K, 86% used [0x00000000d5580000,0x00000000eb6a2d98,0x00000000ef000000)
  from space 71168K, 72% used [0x00000000ef000000,0x00000000f22637e8,0x00000000f3580000)
  to   space 73728K, 0% used [0x00000000f9d00000,0x00000000f9d00000,0x00000000fe500000)
 ParOldGen       total 322048K, used 139082K [0x0000000080000000, 0x0000000093a80000, 0x00000000d5580000)
  object space 322048K, 43% used [0x0000000080000000,0x00000000887d2850,0x0000000093a80000)
 Metaspace       used 92561K, capacity 98364K, committed 98496K, reserved 1134592K
  class space    used 11903K, capacity 13981K, committed 14056K, reserved 1048576K
Event: 28.291 GC heap after
Heap after GC invocations=15 (full 3):
 PSYoungGen      total 591872K, used 62560K [0x00000000d5580000, 0x00000000fed80000, 0x0000000100000000)
  eden space 518144K, 0% used [0x00000000d5580000,0x00000000d5580000,0x00000000f4f80000)
  from space 73728K, 84% used [0x00000000f9d00000,0x00000000fda18348,0x00000000fe500000)
  to   space 79360K, 0% used [0x00000000f4f80000,0x00000000f4f80000,0x00000000f9d00000)
 ParOldGen       total 322048K, used 139090K [0x0000000080000000, 0x0000000093a80000, 0x00000000d5580000)
  object space 322048K, 43% used [0x0000000080000000,0x00000000887d4850,0x0000000093a80000)
 Metaspace       used 92561K, capacity 98364K, committed 98496K, reserved 1134592K
  class space    used 11903K, capacity 13981K, committed 14056K, reserved 1048576K
}
Event: 28.291 GC heap before
{Heap before GC invocations=16 (full 4):
 PSYoungGen      total 591872K, used 62560K [0x00000000d5580000, 0x00000000fed80000, 0x0000000100000000)
  eden space 518144K, 0% used [0x00000000d5580000,0x00000000d5580000,0x00000000f4f80000)
  from space 73728K, 84% used [0x00000000f9d00000,0x00000000fda18348,0x00000000fe500000)
  to   space 79360K, 0% used [0x00000000f4f80000,0x00000000f4f80000,0x00000000f9d00000)
 ParOldGen       total 322048K, used 139090K [0x0000000080000000, 0x0000000093a80000, 0x00000000d5580000)
  object space 322048K, 43% used [0x0000000080000000,0x00000000887d4850,0x0000000093a80000)
 Metaspace       used 92561K, capacity 98364K, committed 98496K, reserved 1134592K
  class space    used 11903K, capacity 13981K, committed 14056K, reserved 1048576K
Event: 28.779 GC heap after
Heap after GC invocations=16 (full 4):
 PSYoungGen      total 591872K, used 0K [0x00000000d5580000, 0x00000000fed80000, 0x0000000100000000)
  eden space 518144K, 0% used [0x00000000d5580000,0x00000000d5580000,0x00000000f4f80000)
  from space 73728K, 0% used [0x00000000f9d00000,0x00000000f9d00000,0x00000000fe500000)
  to   space 79360K, 0% used [0x00000000f4f80000,0x00000000f4f80000,0x00000000f9d00000)
 ParOldGen       total 427008K, used 194163K [0x0000000080000000, 0x000000009a100000, 0x00000000d5580000)
  object space 427008K, 45% used [0x0000000080000000,0x000000008bd9cf00,0x000000009a100000)
 Metaspace       used 92561K, capacity 98364K, committed 98496K, reserved 1134592K
  class space    used 11903K, capacity 13981K, committed 14056K, reserved 1048576K
}
Event: 223.085 GC heap before
{Heap before GC invocations=17 (full 4):
 PSYoungGen      total 591872K, used 511405K [0x00000000d5580000, 0x00000000fed80000, 0x0000000100000000)
  eden space 518144K, 98% used [0x00000000d5580000,0x00000000f48eb748,0x00000000f4f80000)
  from space 73728K, 0% used [0x00000000f9d00000,0x00000000f9d00000,0x00000000fe500000)
  to   space 79360K, 0% used [0x00000000f4f80000,0x00000000f4f80000,0x00000000f9d00000)
 ParOldGen       total 427008K, used 194163K [0x0000000080000000, 0x000000009a100000, 0x00000000d5580000)
  object space 427008K, 45% used [0x0000000080000000,0x000000008bd9cf00,0x000000009a100000)
 Metaspace       used 98815K, capacity 104796K, committed 104896K, reserved 1140736K
  class space    used 12526K, capacity 14525K, committed 14568K, reserved 1048576K
Event: 223.152 GC heap after
Heap after GC invocations=17 (full 4):
 PSYoungGen      total 597504K, used 38884K [0x00000000d5580000, 0x00000000ffe80000, 0x0000000100000000)
  eden space 518144K, 0% used [0x00000000d5580000,0x00000000d5580000,0x00000000f4f80000)
  from space 79360K, 48% used [0x00000000f4f80000,0x00000000f75790a8,0x00000000f9d00000)
  to   space 75776K, 0% used [0x00000000fb480000,0x00000000fb480000,0x00000000ffe80000)
 ParOldGen       total 427008K, used 194171K [0x0000000080000000, 0x000000009a100000, 0x00000000d5580000)
  object space 427008K, 45% used [0x0000000080000000,0x000000008bd9ef00,0x000000009a100000)
 Metaspace       used 98815K, capacity 104796K, committed 104896K, reserved 1140736K
  class space    used 12526K, capacity 14525K, committed 14568K, reserved 1048576K
}
Event: 223.152 GC heap before
{Heap before GC invocations=18 (full 5):
 PSYoungGen      total 597504K, used 38884K [0x00000000d5580000, 0x00000000ffe80000, 0x0000000100000000)
  eden space 518144K, 0% used [0x00000000d5580000,0x00000000d5580000,0x00000000f4f80000)
  from space 79360K, 48% used [0x00000000f4f80000,0x00000000f75790a8,0x00000000f9d00000)
  to   space 75776K, 0% used [0x00000000fb480000,0x00000000fb480000,0x00000000ffe80000)
 ParOldGen       total 427008K, used 194171K [0x0000000080000000, 0x000000009a100000, 0x00000000d5580000)
  object space 427008K, 45% used [0x0000000080000000,0x000000008bd9ef00,0x000000009a100000)
 Metaspace       used 98815K, capacity 104796K, committed 104896K, reserved 1140736K
  class space    used 12526K, capacity 14525K, committed 14568K, reserved 1048576K
Event: 224.357 GC heap after
Heap after GC invocations=18 (full 5):
 PSYoungGen      total 597504K, used 0K [0x00000000d5580000, 0x00000000ffe80000, 0x0000000100000000)
  eden space 518144K, 0% used [0x00000000d5580000,0x00000000d5580000,0x00000000f4f80000)
  from space 79360K, 0% used [0x00000000f4f80000,0x00000000f4f80000,0x00000000f9d00000)
  to   space 75776K, 0% used [0x00000000fb480000,0x00000000fb480000,0x00000000ffe80000)
 ParOldGen       total 427008K, used 215200K [0x0000000080000000, 0x000000009a100000, 0x00000000d5580000)
  object space 427008K, 50% used [0x0000000080000000,0x000000008d228380,0x000000009a100000)
 Metaspace       used 98815K, capacity 104796K, committed 104896K, reserved 1140736K
  class space    used 12526K, capacity 14525K, committed 14568K, reserved 1048576K
}

