# JRE version: Java(TM) SE Runtime Environment (8.0_25-b17) (build 1.8.0_25-b17)
# Java VM: Java HotSpot(TM) 64-Bit Server VM (25.25-b02 mixed mode linux-amd64 compressed oops)
Heap:
 PSYoungGen      total 545280K, used 194533K [0x00000000d5580000, 0x00000000ffd00000, 0x0000000100000000)
  eden space 520704K, 32% used [0x00000000d5580000,0x00000000dfbeda40,0x00000000f5200000)
  from space 24576K, 98% used [0x00000000f5200000,0x00000000f698b9c8,0x00000000f6a00000)
  to   space 87552K, 0% used [0x00000000fa780000,0x00000000fa780000,0x00000000ffd00000)
 ParOldGen       total 372736K, used 207552K [0x0000000080000000, 0x0000000096c00000, 0x00000000d5580000)
  object space 372736K, 55% used [0x0000000080000000,0x000000008cab0168,0x0000000096c00000)
 Metaspace       used 110769K, capacity 116890K, committed 117120K, reserved 1150976K
  class space    used 13516K, capacity 15455K, committed 15488K, reserved 1048576K
GC Heap History (10 events):
Event: 31.341 GC heap before
{Heap before GC invocations=14 (full 3):
 PSYoungGen      total 609280K, used 268788K [0x00000000d5580000, 0x0000000100000000, 0x0000000100000000)
  eden space 534016K, 38% used [0x00000000d5580000,0x00000000e1d28c98,0x00000000f5f00000)
  from space 75264K, 85% used [0x00000000fb680000,0x00000000ff554498,0x0000000100000000)
  to   space 82432K, 0% used [0x00000000f5f00000,0x00000000f5f00000,0x00000000faf80000)
 ParOldGen       total 275968K, used 124871K [0x0000000080000000, 0x0000000090d80000, 0x00000000d5580000)
  object space 275968K, 45% used [0x0000000080000000,0x00000000879f1cf0,0x0000000090d80000)
 Metaspace       used 92618K, capacity 98380K, committed 98496K, reserved 1134592K
  class space    used 11959K, capacity 13880K, committed 13952K, reserved 1048576K
Event: 31.469 GC heap after
Heap after GC invocations=14 (full 3):
 PSYoungGen      total 609792K, used 75471K [0x00000000d5580000, 0x0000000100000000, 0x0000000100000000)
  eden space 534016K, 0% used [0x00000000d5580000,0x00000000d5580000,0x00000000f5f00000)
  from space 75776K, 99% used [0x00000000f5f00000,0x00000000fa8b3d60,0x00000000fa900000)
  to   space 89088K, 0% used [0x00000000fa900000,0x00000000fa900000,0x0000000100000000)
 ParOldGen       total 275968K, used 124879K [0x0000000080000000, 0x0000000090d80000, 0x00000000d5580000)
  object space 275968K, 45% used [0x0000000080000000,0x00000000879f3cf0,0x0000000090d80000)
 Metaspace       used 92618K, capacity 98380K, committed 98496K, reserved 1134592K
  class space    used 11959K, capacity 13880K, committed 13952K, reserved 1048576K
}
Event: 31.469 GC heap before
{Heap before GC invocations=15 (full 4):
 PSYoungGen      total 609792K, used 75471K [0x00000000d5580000, 0x0000000100000000, 0x0000000100000000)
  eden space 534016K, 0% used [0x00000000d5580000,0x00000000d5580000,0x00000000f5f00000)
  from space 75776K, 99% used [0x00000000f5f00000,0x00000000fa8b3d60,0x00000000fa900000)
  to   space 89088K, 0% used [0x00000000fa900000,0x00000000fa900000,0x0000000100000000)
 ParOldGen       total 275968K, used 124879K [0x0000000080000000, 0x0000000090d80000, 0x00000000d5580000)
  object space 275968K, 45% used [0x0000000080000000,0x00000000879f3cf0,0x0000000090d80000)
 Metaspace       used 92618K, capacity 98380K, committed 98496K, reserved 1134592K
  class space    used 11959K, capacity 13880K, committed 13952K, reserved 1048576K
Event: 32.221 GC heap after
Heap after GC invocations=15 (full 4):
 PSYoungGen      total 609792K, used 0K [0x00000000d5580000, 0x0000000100000000, 0x0000000100000000)
  eden space 534016K, 0% used [0x00000000d5580000,0x00000000d5580000,0x00000000f5f00000)
  from space 75776K, 0% used [0x00000000f5f00000,0x00000000f5f00000,0x00000000fa900000)
  to   space 89088K, 0% used [0x00000000fa900000,0x00000000fa900000,0x0000000100000000)
 ParOldGen       total 372736K, used 181816K [0x0000000080000000, 0x0000000096c00000, 0x00000000d5580000)
  object space 372736K, 48% used [0x0000000080000000,0x000000008b18e0e0,0x0000000096c00000)
 Metaspace       used 92618K, capacity 98380K, committed 98496K, reserved 1134592K
  class space    used 11959K, capacity 13880K, committed 13952K, reserved 1048576K
}
Event: 230.538 GC heap before
{Heap before GC invocations=16 (full 4):
 PSYoungGen      total 609792K, used 511402K [0x00000000d5580000, 0x0000000100000000, 0x0000000100000000)
  eden space 534016K, 95% used [0x00000000d5580000,0x00000000f48eaa10,0x00000000f5f00000)
  from space 75776K, 0% used [0x00000000f5f00000,0x00000000f5f00000,0x00000000fa900000)
  to   space 89088K, 0% used [0x00000000fa900000,0x00000000fa900000,0x0000000100000000)
 ParOldGen       total 372736K, used 181816K [0x0000000080000000, 0x0000000096c00000, 0x00000000d5580000)
  object space 372736K, 48% used [0x0000000080000000,0x000000008b18e0e0,0x0000000096c00000)
 Metaspace       used 101855K, capacity 107878K, committed 108288K, reserved 1142784K
  class space    used 12789K, capacity 14737K, committed 14848K, reserved 1048576K
Event: 230.632 GC heap after
Heap after GC invocations=16 (full 4):
 PSYoungGen      total 609792K, used 46754K [0x00000000d5580000, 0x0000000100000000, 0x0000000100000000)
  eden space 520704K, 0% used [0x00000000d5580000,0x00000000d5580000,0x00000000f5200000)
  from space 89088K, 52% used [0x00000000fa900000,0x00000000fd6a8ae8,0x0000000100000000)
  to   space 89088K, 0% used [0x00000000f5200000,0x00000000f5200000,0x00000000fa900000)
 ParOldGen       total 372736K, used 181824K [0x0000000080000000, 0x0000000096c00000, 0x00000000d5580000)
  object space 372736K, 48% used [0x0000000080000000,0x000000008b1900e0,0x0000000096c00000)
 Metaspace       used 101855K, capacity 107878K, committed 108288K, reserved 1142784K
  class space    used 12789K, capacity 14737K, committed 14848K, reserved 1048576K
}
Event: 230.632 GC heap before
{Heap before GC invocations=17 (full 5):
 PSYoungGen      total 609792K, used 46754K [0x00000000d5580000, 0x0000000100000000, 0x0000000100000000)
  eden space 520704K, 0% used [0x00000000d5580000,0x00000000d5580000,0x00000000f5200000)
  from space 89088K, 52% used [0x00000000fa900000,0x00000000fd6a8ae8,0x0000000100000000)
  to   space 89088K, 0% used [0x00000000f5200000,0x00000000f5200000,0x00000000fa900000)
 ParOldGen       total 372736K, used 181824K [0x0000000080000000, 0x0000000096c00000, 0x00000000d5580000)
  object space 372736K, 48% used [0x0000000080000000,0x000000008b1900e0,0x0000000096c00000)
 Metaspace       used 101855K, capacity 107878K, committed 108288K, reserved 1142784K
  class space    used 12789K, capacity 14737K, committed 14848K, reserved 1048576K
Event: 232.092 GC heap after
Heap after GC invocations=17 (full 5):
 PSYoungGen      total 609792K, used 0K [0x00000000d5580000, 0x0000000100000000, 0x0000000100000000)
  eden space 520704K, 0% used [0x00000000d5580000,0x00000000d5580000,0x00000000f5200000)
  from space 89088K, 0% used [0x00000000fa900000,0x00000000fa900000,0x0000000100000000)
  to   space 89088K, 0% used [0x00000000f5200000,0x00000000f5200000,0x00000000fa900000)
 ParOldGen       total 372736K, used 207544K [0x0000000080000000, 0x0000000096c00000, 0x00000000d5580000)
  object space 372736K, 55% used [0x0000000080000000,0x000000008caae168,0x0000000096c00000)
 Metaspace       used 101855K, capacity 107878K, committed 108288K, reserved 1142784K
  class space    used 12789K, capacity 14737K, committed 14848K, reserved 1048576K
}
Event: 303.119 GC heap before
{Heap before GC invocations=18 (full 5):
 PSYoungGen      total 609792K, used 520704K [0x00000000d5580000, 0x0000000100000000, 0x0000000100000000)
  eden space 520704K, 100% used [0x00000000d5580000,0x00000000f5200000,0x00000000f5200000)
  from space 89088K, 0% used [0x00000000fa900000,0x00000000fa900000,0x0000000100000000)
  to   space 89088K, 0% used [0x00000000f5200000,0x00000000f5200000,0x00000000fa900000)
 ParOldGen       total 372736K, used 207544K [0x0000000080000000, 0x0000000096c00000, 0x00000000d5580000)
  object space 372736K, 55% used [0x0000000080000000,0x000000008caae168,0x0000000096c00000)
 Metaspace       used 107935K, capacity 114138K, committed 114304K, reserved 1148928K
  class space    used 13201K, capacity 15223K, committed 15232K, reserved 1048576K
Event: 303.167 GC heap after
Heap after GC invocations=18 (full 5):
 PSYoungGen      total 545280K, used 24110K [0x00000000d5580000, 0x00000000ffd00000, 0x0000000100000000)
  eden space 520704K, 0% used [0x00000000d5580000,0x00000000d5580000,0x00000000f5200000)
  from space 24576K, 98% used [0x00000000f5200000,0x00000000f698b9c8,0x00000000f6a00000)
  to   space 87552K, 0% used [0x00000000fa780000,0x00000000fa780000,0x00000000ffd00000)
 ParOldGen       total 372736K, used 207552K [0x0000000080000000, 0x0000000096c00000, 0x00000000d5580000)
  object space 372736K, 55% used [0x0000000080000000,0x000000008cab0168,0x0000000096c00000)
 Metaspace       used 107935K, capacity 114138K, committed 114304K, reserved 1148928K
  class space    used 13201K, capacity 15223K, committed 15232K, reserved 1048576K
}

